<?xml version="1.0" encoding="UTF-8"?>
<!-- Generated by org.testng.reporters.JUnitReportReporter -->
<testsuite skipped="0" hostname="CDC5-D-DC2TFD2" name="com.test.candidate.testNG.SR_Dashboard" tests="1" failures="0" timestamp="13 Jun 2018 06:24:30 GMT" time="104.292" errors="0">
  <testcase name="employee" time="104.292" classname="com.test.candidate.testNG.SR_Dashboard"/>
</testsuite> <!-- com.test.candidate.testNG.SR_Dashboard -->
