<?xml version="1.0" encoding="UTF-8"?>
<!-- Generated by org.testng.reporters.JUnitReportReporter -->
<testsuite skipped="0" hostname="CDC5-D-DC2TFD2" name="com.test.candidate.testNG.QM" tests="1" failures="0" timestamp="25 Sep 2018 13:24:30 GMT" time="104.247" errors="0">
  <testcase name="changepassword" time="104.247" classname="com.test.candidate.testNG.QM"/>
</testsuite> <!-- com.test.candidate.testNG.QM -->
