<?xml version="1.0" encoding="UTF-8"?>
<!-- Generated by org.testng.reporters.JUnitReportReporter -->
<testsuite skipped="0" hostname="CDC5-D-DC2TFD2" name="com.test.candidate.testNG.JobApply_SWF" tests="1" failures="0" timestamp="25 Sep 2018 10:29:17 GMT" time="175.428" errors="0">
  <testcase name="Job_Apply_SWF" time="175.428" classname="com.test.candidate.testNG.JobApply_SWF"/>
</testsuite> <!-- com.test.candidate.testNG.JobApply_SWF -->
