<?xml version="1.0" encoding="UTF-8"?>
<!-- Generated by org.testng.reporters.JUnitReportReporter -->
<testsuite skipped="0" hostname="CDC5-D-DC2TFD2" name="com.test.candidate.testNG.EAF_BPO_NEW" tests="1" failures="0" timestamp="05 Oct 2018 04:29:46 GMT" time="365.135" errors="0">
  <testcase name="changepassword" time="365.135" classname="com.test.candidate.testNG.EAF_BPO_NEW"/>
</testsuite> <!-- com.test.candidate.testNG.EAF_BPO_NEW -->
