<?xml version="1.0" encoding="UTF-8"?>
<!-- Generated by org.testng.reporters.JUnitReportReporter -->
<testsuite skipped="0" hostname="CDC5-D-DC2TFD2" name="com.test.agency.testNG.DocumentUpload" tests="1" failures="0" timestamp="08 Oct 2018 09:16:50 GMT" time="21.926" errors="0">
  <testcase name="documentupload" time="21.926" classname="com.test.agency.testNG.DocumentUpload"/>
</testsuite> <!-- com.test.agency.testNG.DocumentUpload -->
