<?xml version="1.0" encoding="UTF-8"?>
<!-- Generated by org.testng.reporters.JUnitReportReporter -->
<testsuite skipped="0" hostname="CDC5-D-DC2TFD2" name="com.test.candidate.testNG.EAF_ICF" tests="1" failures="0" timestamp="05 Oct 2018 05:37:14 GMT" time="250.308" errors="0">
  <testcase name="changepassword" time="250.308" classname="com.test.candidate.testNG.EAF_ICF"/>
</testsuite> <!-- com.test.candidate.testNG.EAF_ICF -->
