<?xml version="1.0" encoding="UTF-8"?>
<!-- Generated by org.testng.reporters.JUnitReportReporter -->
<testsuite skipped="0" hostname="CDC5-D-DC2TFD2" name="com.test.candidate.testNG.EAF_SWF" tests="1" failures="0" timestamp="04 Oct 2018 12:41:22 GMT" time="228.414" errors="0">
  <testcase name="EAF_SWF" time="228.414" classname="com.test.candidate.testNG.EAF_SWF"/>
</testsuite> <!-- com.test.candidate.testNG.EAF_SWF -->
