<?xml version="1.0" encoding="UTF-8"?>
<!-- Generated by org.testng.reporters.JUnitReportReporter -->
<testsuite skipped="0" hostname="CDC5-D-DC2TFD2" name="com.test.candidate.testNG.JobApply_BPO" tests="1" failures="0" timestamp="25 Sep 2018 10:35:22 GMT" time="139.659" errors="0">
  <testcase name="Job_Apply_BPO" time="139.659" classname="com.test.candidate.testNG.JobApply_BPO"/>
</testsuite> <!-- com.test.candidate.testNG.JobApply_BPO -->
