<?xml version="1.0" encoding="UTF-8"?>
<!-- Generated by org.testng.reporters.JUnitReportReporter -->
<testsuite skipped="0" hostname="CDC5-D-DC2TFD2" name="com.test.candidate.testNG.Prefill_Job_Apply_SWF" tests="1" failures="0" timestamp="18 Jul 2018 05:13:43 GMT" time="136.809" errors="0">
  <testcase name="Job_Apply_SWF" time="136.809" classname="com.test.candidate.testNG.Prefill_Job_Apply_SWF"/>
</testsuite> <!-- com.test.candidate.testNG.Prefill_Job_Apply_SWF -->
