<?xml version="1.0" encoding="UTF-8"?>
<!-- Generated by org.testng.reporters.JUnitReportReporter -->
<testsuite skipped="0" hostname="CDC5-D-DC2TFD2" name="com.test.candidate.testNG.SR" tests="1" failures="0" timestamp="13 Jun 2018 06:37:44 GMT" time="77.203" errors="0">
  <testcase name="employee" time="77.203" classname="com.test.candidate.testNG.SR"/>
</testsuite> <!-- com.test.candidate.testNG.SR -->
