<?xml version="1.0" encoding="UTF-8"?>
<!-- Generated by org.testng.reporters.JUnitReportReporter -->
<testsuite skipped="0" hostname="CDC5-D-DC2TFD2" name="com.test.candidate.testNG.Prefill_Job_Apply_ICF" tests="1" failures="0" timestamp="18 Jul 2018 05:25:19 GMT" time="111.482" errors="0">
  <testcase name="Job_Apply_ICF" time="111.482" classname="com.test.candidate.testNG.Prefill_Job_Apply_ICF"/>
</testsuite> <!-- com.test.candidate.testNG.Prefill_Job_Apply_ICF -->
