<?xml version="1.0" encoding="UTF-8"?>
<!-- Generated by org.testng.reporters.JUnitReportReporter -->
<testsuite skipped="0" hostname="CDC5-D-DC2TFD2" name="com.test.candidate.testNG.EAF" tests="1" failures="0" timestamp="04 Sep 2018 05:07:05 GMT" time="211.929" errors="0">
  <testcase name="EAF_SWF" time="211.929" classname="com.test.candidate.testNG.EAF"/>
</testsuite> <!-- com.test.candidate.testNG.EAF -->
