<?xml version="1.0" encoding="UTF-8"?>
<!-- Generated by org.testng.reporters.JUnitReportReporter -->
<testsuite skipped="0" hostname="CDC5-D-DC2TFD2" name="com.test.candidate.testNG.Prefill_Job_Apply_BPO" tests="1" failures="0" timestamp="18 Jul 2018 05:17:37 GMT" time="120.923" errors="0">
  <testcase name="Job_Apply_BPO" time="120.923" classname="com.test.candidate.testNG.Prefill_Job_Apply_BPO"/>
</testsuite> <!-- com.test.candidate.testNG.Prefill_Job_Apply_BPO -->
