<?xml version="1.0" encoding="UTF-8"?>
<!-- Generated by org.testng.reporters.JUnitReportReporter -->
<testsuite skipped="0" hostname="CDC5-D-DC2TFD2" name="com.test.candidate.testNG.EAF_ICF_New" tests="1" failures="0" timestamp="26 Sep 2018 07:38:37 GMT" time="330.268" errors="0">
  <testcase name="changepassword" time="330.268" classname="com.test.candidate.testNG.EAF_ICF_New"/>
</testsuite> <!-- com.test.candidate.testNG.EAF_ICF_New -->
