<?xml version="1.0" encoding="UTF-8"?>
<!-- Generated by org.testng.reporters.JUnitReportReporter -->
<testsuite skipped="0" hostname="CDC5-D-DC2TFD2" name="com.test.candidate.testNG.JobApply_ICO" tests="1" failures="0" timestamp="25 Sep 2018 11:03:11 GMT" time="127.690" errors="0">
  <testcase name="Job_Apply_ICO" time="127.690" classname="com.test.candidate.testNG.JobApply_ICO"/>
</testsuite> <!-- com.test.candidate.testNG.JobApply_ICO -->
