<?xml version="1.0" encoding="UTF-8"?>
<!-- Generated by org.testng.reporters.JUnitReportReporter -->
<testsuite skipped="0" hostname="CDC5-D-DC2TFD2" name="com.test.candidate.testNG.JobApply_ICF" tests="1" failures="0" timestamp="25 Sep 2018 10:59:47 GMT" time="127.212" errors="0">
  <testcase name="Job_Apply_ICF" time="127.212" classname="com.test.candidate.testNG.JobApply_ICF"/>
</testsuite> <!-- com.test.candidate.testNG.JobApply_ICF -->
